#
# A fatal error has been detected by the Java Runtime Environment:
#
#  Internal Error (javaClasses.cpp:129), pid=7740, tid=3077622640
#  fatal error: Invalid layout of preloaded class
#
# JRE version: 7.0_21-b11
# Java VM: Java HotSpot(TM) Client VM (23.21-b01 mixed mode linux-x86 )
# Failed to write core dump. Core dumps have been disabled. To enable core dumping, try "ulimit -c unlimited" before starting Java again
#
# If you would like to submit a bug report, please visit:
#   http://bugreport.sun.com/bugreport/crash.jsp
#

---------------  T H R E A D  ---------------

Current thread (0x09ea7000):  JavaThread "Unknown thread" [_thread_in_vm, id=7742, stack(0xb76bc000,0xb770d000)]

Stack: [0xb76bc000,0xb770d000],  sp=0xb770bdc0,  free space=319k
Native frames: (J=compiled Java code, j=interpreted, Vv=VM code, C=native code)
V  [libjvm.so+0x4920d9]  VMError::report_and_die()+0x199
V  [libjvm.so+0x1c51fc]  report_fatal(char const*, int, char const*)+0x4c
V  [libjvm.so+0x2825b0]  compute_offset(int&, klassOopDesc*, Symbol*, Symbol*, bool)+0x110
V  [libjvm.so+0x286b44]  java_lang_String::compute_offsets()+0x44
V  [libjvm.so+0x435805]  SystemDictionary::initialize_preloaded_classes(Thread*)+0x225
V  [libjvm.so+0x473458]  Universe::genesis(Thread*)+0x3f8
V  [libjvm.so+0x4738cf]  universe2_init()+0x1f
V  [libjvm.so+0x2486e0]  init_globals()+0xa0
V  [libjvm.so+0x464c29]  Threads::create_vm(JavaVMInitArgs*, bool*)+0x1f9
V  [libjvm.so+0x29012c]  JNI_CreateJavaVM+0x5c
C  [libjli.so+0x2668]  JavaMain+0x98
C  [libpthread.so.0+0x5cc9]  start_thread+0xd9


---------------  P R O C E S S  ---------------

Java Threads: ( => current thread )

Other Threads:

=>0x09ea7000 (exited) JavaThread "Unknown thread" [_thread_in_vm, id=7742, stack(0xb76bc000,0xb770d000)]

VM state:not at safepoint (not fully initialized)

VM Mutex/Monitor currently owned by a thread: None

GC Heap History (0 events):
No events

Deoptimization events (0 events):
No events

Internal exceptions (0 events):
No events

Events (10 events):
Event: 0.013 loading class 0x09ecea20 done
Event: 0.013 loading class 0x09ece360 done
Event: 0.013 loading class 0x09ece338
Event: 0.014 loading class 0x09eee210
Event: 0.015 loading class 0x09eee210 done
Event: 0.015 loading class 0x09eee248
Event: 0.015 loading class 0x09eee248 done
Event: 0.015 loading class 0x09eee280
Event: 0.015 loading class 0x09eee280 done
Event: 0.015 loading class 0x09ece338 done


Dynamic libraries:
00110000-00267000 r-xp 00000000 08:01 358415     /lib/libc-2.12.1.so
00267000-00269000 r--p 00157000 08:01 358415     /lib/libc-2.12.1.so
00269000-0026a000 rw-p 00159000 08:01 358415     /lib/libc-2.12.1.so
0026a000-0026d000 rw-p 00000000 00:00 0 
0026d000-00274000 r-xp 00000000 08:01 358406     /lib/librt-2.12.1.so
00274000-00275000 r--p 00006000 08:01 358406     /lib/librt-2.12.1.so
00275000-00276000 rw-p 00007000 08:01 358406     /lib/librt-2.12.1.so
00276000-00281000 r-xp 00000000 08:01 247437     /usr/local/java/jdk1.7.0_21/jre/lib/i386/libverify.so
00281000-00282000 rw-p 0000b000 08:01 247437     /usr/local/java/jdk1.7.0_21/jre/lib/i386/libverify.so
00282000-0028c000 r-xp 00000000 08:01 358402     /lib/libnss_files-2.12.1.so
0028c000-0028d000 r--p 00009000 08:01 358402     /lib/libnss_files-2.12.1.so
0028d000-0028e000 rw-p 0000a000 08:01 358402     /lib/libnss_files-2.12.1.so
00303000-0031a000 r-xp 00000000 08:01 247483     /usr/local/java/jdk1.7.0_21/jre/lib/i386/libzip.so
0031a000-0031b000 rw-p 00017000 08:01 247483     /usr/local/java/jdk1.7.0_21/jre/lib/i386/libzip.so
004ba000-004c3000 r-xp 00000000 08:01 358408     /lib/libnss_nis-2.12.1.so
004c3000-004c4000 r--p 00008000 08:01 358408     /lib/libnss_nis-2.12.1.so
004c4000-004c5000 rw-p 00009000 08:01 358408     /lib/libnss_nis-2.12.1.so
005b0000-005d3000 r-xp 00000000 08:01 247451     /usr/local/java/jdk1.7.0_21/jre/lib/i386/libjava.so
005d3000-005d4000 rw-p 00023000 08:01 247451     /usr/local/java/jdk1.7.0_21/jre/lib/i386/libjava.so
005df000-00603000 r-xp 00000000 08:01 358413     /lib/libm-2.12.1.so
00603000-00604000 r--p 00023000 08:01 358413     /lib/libm-2.12.1.so
00604000-00605000 rw-p 00024000 08:01 358413     /lib/libm-2.12.1.so
00843000-00856000 r-xp 00000000 08:01 293340     /usr/local/java/jdk1.7.0_21/jre/lib/i386/jli/libjli.so
00856000-00857000 rw-p 00012000 08:01 293340     /usr/local/java/jdk1.7.0_21/jre/lib/i386/jli/libjli.so
009c6000-009c7000 r-xp 00000000 00:00 0          [vdso]
00a04000-00a0a000 r-xp 00000000 08:01 358414     /lib/libnss_compat-2.12.1.so
00a0a000-00a0b000 r--p 00006000 08:01 358414     /lib/libnss_compat-2.12.1.so
00a0b000-00a0c000 rw-p 00007000 08:01 358414     /lib/libnss_compat-2.12.1.so
00a88000-00a8a000 r-xp 00000000 08:01 358404     /lib/libdl-2.12.1.so
00a8a000-00a8b000 r--p 00001000 08:01 358404     /lib/libdl-2.12.1.so
00a8b000-00a8c000 rw-p 00002000 08:01 358404     /lib/libdl-2.12.1.so
00b01000-00b1d000 r-xp 00000000 08:01 358399     /lib/ld-2.12.1.so
00b1d000-00b1e000 r--p 0001b000 08:01 358399     /lib/ld-2.12.1.so
00b1e000-00b1f000 rw-p 0001c000 08:01 358399     /lib/ld-2.12.1.so
00c66000-00c79000 r-xp 00000000 08:01 358410     /lib/libnsl-2.12.1.so
00c79000-00c7a000 r--p 00012000 08:01 358410     /lib/libnsl-2.12.1.so
00c7a000-00c7b000 rw-p 00013000 08:01 358410     /lib/libnsl-2.12.1.so
00c7b000-00c7d000 rw-p 00000000 00:00 0 
00fbd000-00fd2000 r-xp 00000000 08:01 358416     /lib/libpthread-2.12.1.so
00fd2000-00fd3000 ---p 00015000 08:01 358416     /lib/libpthread-2.12.1.so
00fd3000-00fd4000 r--p 00015000 08:01 358416     /lib/libpthread-2.12.1.so
00fd4000-00fd5000 rw-p 00016000 08:01 358416     /lib/libpthread-2.12.1.so
00fd5000-00fd7000 rw-p 00000000 00:00 0 
00fd7000-014ed000 r-xp 00000000 08:01 2265251    /usr/local/java/jdk1.7.0_21/jre/lib/i386/client/libjvm.so
014ed000-0150a000 rw-p 00515000 08:01 2265251    /usr/local/java/jdk1.7.0_21/jre/lib/i386/client/libjvm.so
0150a000-01929000 rw-p 00000000 00:00 0 
08048000-08049000 r-xp 00000000 08:01 522745     /usr/local/java/jdk1.7.0_21/bin/java
08049000-0804a000 rw-p 00000000 08:01 522745     /usr/local/java/jdk1.7.0_21/bin/java
09ea0000-09f03000 rw-p 00000000 00:00 0          [heap]
a1300000-a1452000 rw-p 00000000 00:00 0 
a1452000-a1518000 r--s 0116f000 08:01 295887     /home/hmiguel/android-sdks/platforms/android-17/android.jar
a1518000-a151f000 rw-p 00000000 00:00 0 
a151f000-a1539000 rw-p 00000000 00:00 0 
a1539000-a153f000 rw-p 00000000 00:00 0 
a153f000-a158f000 rw-p 00000000 00:00 0 
a158f000-a1592000 rw-p 00000000 00:00 0 
a1592000-a15b9000 rw-p 00000000 00:00 0 
a15b9000-a15bf000 rw-p 00000000 00:00 0 
a15bf000-a160f000 rw-p 00000000 00:00 0 
a160f000-a1615000 rw-p 00000000 00:00 0 
a1615000-a162f000 rw-p 00000000 00:00 0 
a162f000-a1b80000 rw-p 00000000 00:00 0 
a1b80000-a6b80000 rw-p 00000000 00:00 0 
a6b80000-a7630000 rw-p 00000000 00:00 0 
a7630000-b1630000 rw-p 00000000 00:00 0 
b1630000-b2230000 rw-p 00000000 00:00 0 
b2230000-b5630000 rw-p 00000000 00:00 0 
b563c000-b563d000 rw-p 00000000 00:00 0 
b563d000-b56bc000 rw-p 00000000 00:00 0 
b56bc000-b56ec000 rwxp 00000000 00:00 0 
b56ec000-b76bc000 rw-p 00000000 00:00 0 
b76bc000-b76bf000 ---p 00000000 00:00 0 
b76bf000-b770f000 rw-p 00000000 00:00 0 
b771d000-b7725000 rw-s 00000000 08:01 863994     /tmp/hsperfdata_hmiguel/7740
b7725000-b7726000 rw-p 00000000 00:00 0 
b7726000-b7727000 r--p 00000000 00:00 0 
b7727000-b7729000 rw-p 00000000 00:00 0 
bfdd1000-bfdf2000 rw-p 00000000 00:00 0          [stack]

VM Arguments:
jvm_args: -Dfile.encoding=UTF-8 -Xbootclasspath:/home/hmiguel/android-sdks/platforms/android-17/android.jar 
java_command: pt.uc.dei.mrc.uctickets.apiclient.Testing
Launcher Type: SUN_STANDARD

Environment Variables:
JAVA_HOME=/usr/local/java/jdk1.7.0_21
PATH=/usr/local/sbin:/usr/local/bin:/usr/sbin:/usr/bin:/sbin:/bin:/usr/games:/usr/local/java/jdk1.7.0_21/bin:/u01/app/oracle/product/11.2.0/dbhome_1/bin
USERNAME=hmiguel
LD_LIBRARY_PATH=/usr/local/java/jdk1.7.0_21/jre/lib/i386/client:/usr/local/java/jdk1.7.0_21/jre/lib/i386:
SHELL=/bin/bash
DISPLAY=:0.0

Signal Handlers:
SIGSEGV: [libjvm.so+0x492c20], sa_mask[0]=0x7ffbfeff, sa_flags=0x10000004
SIGBUS: [libjvm.so+0x492c20], sa_mask[0]=0x7ffbfeff, sa_flags=0x10000004
SIGFPE: [libjvm.so+0x3a6720], sa_mask[0]=0x7ffbfeff, sa_flags=0x10000004
SIGPIPE: [libjvm.so+0x3a6720], sa_mask[0]=0x7ffbfeff, sa_flags=0x10000004
SIGXFSZ: [libjvm.so+0x3a6720], sa_mask[0]=0x7ffbfeff, sa_flags=0x10000004
SIGILL: [libjvm.so+0x3a6720], sa_mask[0]=0x7ffbfeff, sa_flags=0x10000004
SIGUSR1: SIG_DFL, sa_mask[0]=0x00000000, sa_flags=0x00000000
SIGUSR2: [libjvm.so+0x3a6000], sa_mask[0]=0x00000004, sa_flags=0x10000004
SIGHUP: SIG_DFL, sa_mask[0]=0x00000000, sa_flags=0x00000000
SIGINT: SIG_IGN, sa_mask[0]=0x00000000, sa_flags=0x00000000
SIGTERM: SIG_DFL, sa_mask[0]=0x00000000, sa_flags=0x00000000
SIGQUIT: SIG_DFL, sa_mask[0]=0x00000000, sa_flags=0x00000000


---------------  S Y S T E M  ---------------

OS:squeeze/sid

uname:Linux 2.6.35-22-generic #33-Ubuntu SMP Sun Sep 19 20:34:50 UTC 2010 i686
libc:glibc 2.12.1 NPTL 2.12.1 
rlimit: STACK 8192k, CORE 0k, NPROC infinity, NOFILE 1024, AS infinity
load average:1.43 1.63 1.37

/proc/meminfo:
MemTotal:        1799644 kB
MemFree:           44916 kB
Buffers:            2708 kB
Cached:           332184 kB
SwapCached:         6108 kB
Active:           830660 kB
Inactive:         863852 kB
Active(anon):     691080 kB
Inactive(anon):   707896 kB
Active(file):     139580 kB
Inactive(file):   155956 kB
Unevictable:          16 kB
Mlocked:              16 kB
HighTotal:        923208 kB
HighFree:           1392 kB
LowTotal:         876436 kB
LowFree:           43524 kB
SwapTotal:        979928 kB
SwapFree:         773380 kB
Dirty:               324 kB
Writeback:             0 kB
AnonPages:       1354300 kB
Mapped:           122024 kB
Shmem:             39356 kB
Slab:              28008 kB
SReclaimable:      14728 kB
SUnreclaim:        13280 kB
KernelStack:        4208 kB
PageTables:        11340 kB
NFS_Unstable:          0 kB
Bounce:                0 kB
WritebackTmp:          0 kB
CommitLimit:     1879748 kB
Committed_AS:    4925536 kB
VmallocTotal:     122880 kB
VmallocUsed:       15040 kB
VmallocChunk:     101504 kB
HardwareCorrupted:     0 kB
HugePages_Total:       0
HugePages_Free:        0
HugePages_Rsvd:        0
HugePages_Surp:        0
Hugepagesize:       4096 kB
DirectMap4k:       16376 kB
DirectMap4M:      892928 kB


CPU:total 2 (2 cores per cpu, 1 threads per core) family 6 model 15 stepping 13, cmov, cx8, fxsr, mmx, sse, sse2, sse3, ssse3, tsc

/proc/cpuinfo:
processor	: 0
vendor_id	: GenuineIntel
cpu family	: 6
model		: 15
model name	: Intel(R) Pentium(R) Dual  CPU  T2410  @ 2.00GHz
stepping	: 13
cpu MHz		: 1600.000
cache size	: 1024 KB
physical id	: 0
siblings	: 2
core id		: 0
cpu cores	: 2
apicid		: 0
initial apicid	: 0
fdiv_bug	: no
hlt_bug		: no
f00f_bug	: no
coma_bug	: no
fpu		: yes
fpu_exception	: yes
cpuid level	: 10
wp		: yes
flags		: fpu vme de pse tsc msr pae mce cx8 apic mtrr pge mca cmov pat pse36 clflush dts acpi mmx fxsr sse sse2 ss ht tm pbe nx lm constant_tsc arch_perfmon pebs bts aperfmperf pni dtes64 monitor ds_cpl est tm2 ssse3 cx16 xtpr pdcm lahf_lm
bogomips	: 3999.79
clflush size	: 64
cache_alignment	: 64
address sizes	: 36 bits physical, 48 bits virtual
power management:

processor	: 1
vendor_id	: GenuineIntel
cpu family	: 6
model		: 15
model name	: Intel(R) Pentium(R) Dual  CPU  T2410  @ 2.00GHz
stepping	: 13
cpu MHz		: 1600.000
cache size	: 1024 KB
physical id	: 0
siblings	: 2
core id		: 1
cpu cores	: 2
apicid		: 1
initial apicid	: 1
fdiv_bug	: no
hlt_bug		: no
f00f_bug	: no
coma_bug	: no
fpu		: yes
fpu_exception	: yes
cpuid level	: 10
wp		: yes
flags		: fpu vme de pse tsc msr pae mce cx8 apic mtrr pge mca cmov pat pse36 clflush dts acpi mmx fxsr sse sse2 ss ht tm pbe nx lm constant_tsc arch_perfmon pebs bts aperfmperf pni dtes64 monitor ds_cpl est tm2 ssse3 cx16 xtpr pdcm lahf_lm
bogomips	: 4000.13
clflush size	: 64
cache_alignment	: 64
address sizes	: 36 bits physical, 48 bits virtual
power management:



Memory: 4k page, physical 1799644k(44916k free), swap 979928k(773380k free)

vm_info: Java HotSpot(TM) Client VM (23.21-b01) for linux-x86 JRE (1.7.0_21-b11), built on Apr  4 2013 04:24:32 by "java_re" with gcc 4.3.0 20080428 (Red Hat 4.3.0-8)

time: Wed Oct  9 19:17:20 2013
elapsed time: 0 seconds

