#
# A fatal error has been detected by the Java Runtime Environment:
#
#  Internal Error (javaClasses.cpp:129), pid=7715, tid=3078167408
#  fatal error: Invalid layout of preloaded class
#
# JRE version: 7.0_21-b11
# Java VM: Java HotSpot(TM) Client VM (23.21-b01 mixed mode linux-x86 )
# Failed to write core dump. Core dumps have been disabled. To enable core dumping, try "ulimit -c unlimited" before starting Java again
#
# If you would like to submit a bug report, please visit:
#   http://bugreport.sun.com/bugreport/crash.jsp
#

---------------  T H R E A D  ---------------

Current thread (0x08966000):  JavaThread "Unknown thread" [_thread_in_vm, id=7718, stack(0xb7741000,0xb7792000)]

Stack: [0xb7741000,0xb7792000],  sp=0xb7790dc0,  free space=319k
Native frames: (J=compiled Java code, j=interpreted, Vv=VM code, C=native code)
V  [libjvm.so+0x4920d9]  VMError::report_and_die()+0x199
V  [libjvm.so+0x1c51fc]  report_fatal(char const*, int, char const*)+0x4c
V  [libjvm.so+0x2825b0]  compute_offset(int&, klassOopDesc*, Symbol*, Symbol*, bool)+0x110
V  [libjvm.so+0x286b44]  java_lang_String::compute_offsets()+0x44
V  [libjvm.so+0x435805]  SystemDictionary::initialize_preloaded_classes(Thread*)+0x225
V  [libjvm.so+0x473458]  Universe::genesis(Thread*)+0x3f8
V  [libjvm.so+0x4738cf]  universe2_init()+0x1f
V  [libjvm.so+0x2486e0]  init_globals()+0xa0
V  [libjvm.so+0x464c29]  Threads::create_vm(JavaVMInitArgs*, bool*)+0x1f9
V  [libjvm.so+0x29012c]  JNI_CreateJavaVM+0x5c
C  [libjli.so+0x2668]  JavaMain+0x98
C  [libpthread.so.0+0x5cc9]  start_thread+0xd9


---------------  P R O C E S S  ---------------

Java Threads: ( => current thread )

Other Threads:

=>0x08966000 (exited) JavaThread "Unknown thread" [_thread_in_vm, id=7718, stack(0xb7741000,0xb7792000)]

VM state:not at safepoint (not fully initialized)

VM Mutex/Monitor currently owned by a thread: None

GC Heap History (0 events):
No events

Deoptimization events (0 events):
No events

Internal exceptions (0 events):
No events

Events (10 events):
Event: 0.015 loading class 0x0898da20 done
Event: 0.015 loading class 0x0898d360 done
Event: 0.015 loading class 0x0898d338
Event: 0.015 loading class 0x089ad210
Event: 0.015 loading class 0x089ad210 done
Event: 0.015 loading class 0x089ad248
Event: 0.015 loading class 0x089ad248 done
Event: 0.015 loading class 0x089ad280
Event: 0.015 loading class 0x089ad280 done
Event: 0.016 loading class 0x0898d338 done


Dynamic libraries:
00110000-0011b000 r-xp 00000000 08:01 247437     /usr/local/java/jdk1.7.0_21/jre/lib/i386/libverify.so
0011b000-0011c000 rw-p 0000b000 08:01 247437     /usr/local/java/jdk1.7.0_21/jre/lib/i386/libverify.so
0011c000-00126000 r-xp 00000000 08:01 358402     /lib/libnss_files-2.12.1.so
00126000-00127000 r--p 00009000 08:01 358402     /lib/libnss_files-2.12.1.so
00127000-00128000 rw-p 0000a000 08:01 358402     /lib/libnss_files-2.12.1.so
00229000-00240000 r-xp 00000000 08:01 247483     /usr/local/java/jdk1.7.0_21/jre/lib/i386/libzip.so
00240000-00241000 rw-p 00017000 08:01 247483     /usr/local/java/jdk1.7.0_21/jre/lib/i386/libzip.so
002d7000-002ea000 r-xp 00000000 08:01 293340     /usr/local/java/jdk1.7.0_21/jre/lib/i386/jli/libjli.so
002ea000-002eb000 rw-p 00012000 08:01 293340     /usr/local/java/jdk1.7.0_21/jre/lib/i386/jli/libjli.so
00390000-00399000 r-xp 00000000 08:01 358408     /lib/libnss_nis-2.12.1.so
00399000-0039a000 r--p 00008000 08:01 358408     /lib/libnss_nis-2.12.1.so
0039a000-0039b000 rw-p 00009000 08:01 358408     /lib/libnss_nis-2.12.1.so
0054e000-00572000 r-xp 00000000 08:01 358413     /lib/libm-2.12.1.so
00572000-00573000 r--p 00023000 08:01 358413     /lib/libm-2.12.1.so
00573000-00574000 rw-p 00024000 08:01 358413     /lib/libm-2.12.1.so
005ba000-005cf000 r-xp 00000000 08:01 358416     /lib/libpthread-2.12.1.so
005cf000-005d0000 ---p 00015000 08:01 358416     /lib/libpthread-2.12.1.so
005d0000-005d1000 r--p 00015000 08:01 358416     /lib/libpthread-2.12.1.so
005d1000-005d2000 rw-p 00016000 08:01 358416     /lib/libpthread-2.12.1.so
005d2000-005d4000 rw-p 00000000 00:00 0 
005fe000-00755000 r-xp 00000000 08:01 358415     /lib/libc-2.12.1.so
00755000-00757000 r--p 00157000 08:01 358415     /lib/libc-2.12.1.so
00757000-00758000 rw-p 00159000 08:01 358415     /lib/libc-2.12.1.so
00758000-0075b000 rw-p 00000000 00:00 0 
007bf000-007c0000 r-xp 00000000 00:00 0          [vdso]
0099c000-009a3000 r-xp 00000000 08:01 358406     /lib/librt-2.12.1.so
009a3000-009a4000 r--p 00006000 08:01 358406     /lib/librt-2.12.1.so
009a4000-009a5000 rw-p 00007000 08:01 358406     /lib/librt-2.12.1.so
00a0f000-00a32000 r-xp 00000000 08:01 247451     /usr/local/java/jdk1.7.0_21/jre/lib/i386/libjava.so
00a32000-00a33000 rw-p 00023000 08:01 247451     /usr/local/java/jdk1.7.0_21/jre/lib/i386/libjava.so
00c28000-00c44000 r-xp 00000000 08:01 358399     /lib/ld-2.12.1.so
00c44000-00c45000 r--p 0001b000 08:01 358399     /lib/ld-2.12.1.so
00c45000-00c46000 rw-p 0001c000 08:01 358399     /lib/ld-2.12.1.so
00cbb000-00cce000 r-xp 00000000 08:01 358410     /lib/libnsl-2.12.1.so
00cce000-00ccf000 r--p 00012000 08:01 358410     /lib/libnsl-2.12.1.so
00ccf000-00cd0000 rw-p 00013000 08:01 358410     /lib/libnsl-2.12.1.so
00cd0000-00cd2000 rw-p 00000000 00:00 0 
00d8d000-00d93000 r-xp 00000000 08:01 358414     /lib/libnss_compat-2.12.1.so
00d93000-00d94000 r--p 00006000 08:01 358414     /lib/libnss_compat-2.12.1.so
00d94000-00d95000 rw-p 00007000 08:01 358414     /lib/libnss_compat-2.12.1.so
00fc6000-00fc8000 r-xp 00000000 08:01 358404     /lib/libdl-2.12.1.so
00fc8000-00fc9000 r--p 00001000 08:01 358404     /lib/libdl-2.12.1.so
00fc9000-00fca000 rw-p 00002000 08:01 358404     /lib/libdl-2.12.1.so
00fca000-014e0000 r-xp 00000000 08:01 2265251    /usr/local/java/jdk1.7.0_21/jre/lib/i386/client/libjvm.so
014e0000-014fd000 rw-p 00515000 08:01 2265251    /usr/local/java/jdk1.7.0_21/jre/lib/i386/client/libjvm.so
014fd000-0191c000 rw-p 00000000 00:00 0 
08048000-08049000 r-xp 00000000 08:01 522745     /usr/local/java/jdk1.7.0_21/bin/java
08049000-0804a000 rw-p 00000000 08:01 522745     /usr/local/java/jdk1.7.0_21/bin/java
0895f000-089c2000 rw-p 00000000 00:00 0          [heap]
a1390000-a14e2000 rw-p 00000000 00:00 0 
a14e2000-a15a8000 r--s 0116f000 08:01 295887     /home/hmiguel/android-sdks/platforms/android-17/android.jar
a15a8000-a15af000 rw-p 00000000 00:00 0 
a15af000-a15c9000 rw-p 00000000 00:00 0 
a15c9000-a15cf000 rw-p 00000000 00:00 0 
a15cf000-a161f000 rw-p 00000000 00:00 0 
a161f000-a1622000 rw-p 00000000 00:00 0 
a1622000-a1649000 rw-p 00000000 00:00 0 
a1649000-a164f000 rw-p 00000000 00:00 0 
a164f000-a169f000 rw-p 00000000 00:00 0 
a169f000-a16a5000 rw-p 00000000 00:00 0 
a16a5000-a16bf000 rw-p 00000000 00:00 0 
a16bf000-a1c10000 rw-p 00000000 00:00 0 
a1c10000-a6c10000 rw-p 00000000 00:00 0 
a6c10000-a76c0000 rw-p 00000000 00:00 0 
a76c0000-b16c0000 rw-p 00000000 00:00 0 
b16c0000-b22c0000 rw-p 00000000 00:00 0 
b22c0000-b56c0000 rw-p 00000000 00:00 0 
b56c1000-b56c2000 rw-p 00000000 00:00 0 
b56c2000-b5741000 rw-p 00000000 00:00 0 
b5741000-b5771000 rwxp 00000000 00:00 0 
b5771000-b7741000 rw-p 00000000 00:00 0 
b7741000-b7744000 ---p 00000000 00:00 0 
b7744000-b7794000 rw-p 00000000 00:00 0 
b77a2000-b77aa000 rw-s 00000000 08:01 863994     /tmp/hsperfdata_hmiguel/7715
b77aa000-b77ab000 rw-p 00000000 00:00 0 
b77ab000-b77ac000 r--p 00000000 00:00 0 
b77ac000-b77ae000 rw-p 00000000 00:00 0 
bf828000-bf849000 rw-p 00000000 00:00 0          [stack]

VM Arguments:
jvm_args: -Dfile.encoding=UTF-8 -Xbootclasspath:/home/hmiguel/android-sdks/platforms/android-17/android.jar 
java_command: pt.uc.dei.mrc.uctickets.apiclient.Testing
Launcher Type: SUN_STANDARD

Environment Variables:
JAVA_HOME=/usr/local/java/jdk1.7.0_21
PATH=/usr/local/sbin:/usr/local/bin:/usr/sbin:/usr/bin:/sbin:/bin:/usr/games:/usr/local/java/jdk1.7.0_21/bin:/u01/app/oracle/product/11.2.0/dbhome_1/bin
USERNAME=hmiguel
LD_LIBRARY_PATH=/usr/local/java/jdk1.7.0_21/jre/lib/i386/client:/usr/local/java/jdk1.7.0_21/jre/lib/i386:
SHELL=/bin/bash
DISPLAY=:0.0

Signal Handlers:
SIGSEGV: [libjvm.so+0x492c20], sa_mask[0]=0x7ffbfeff, sa_flags=0x10000004
SIGBUS: [libjvm.so+0x492c20], sa_mask[0]=0x7ffbfeff, sa_flags=0x10000004
SIGFPE: [libjvm.so+0x3a6720], sa_mask[0]=0x7ffbfeff, sa_flags=0x10000004
SIGPIPE: [libjvm.so+0x3a6720], sa_mask[0]=0x7ffbfeff, sa_flags=0x10000004
SIGXFSZ: [libjvm.so+0x3a6720], sa_mask[0]=0x7ffbfeff, sa_flags=0x10000004
SIGILL: [libjvm.so+0x3a6720], sa_mask[0]=0x7ffbfeff, sa_flags=0x10000004
SIGUSR1: SIG_DFL, sa_mask[0]=0x00000000, sa_flags=0x00000000
SIGUSR2: [libjvm.so+0x3a6000], sa_mask[0]=0x00000004, sa_flags=0x10000004
SIGHUP: SIG_DFL, sa_mask[0]=0x00000000, sa_flags=0x00000000
SIGINT: SIG_IGN, sa_mask[0]=0x00000000, sa_flags=0x00000000
SIGTERM: SIG_DFL, sa_mask[0]=0x00000000, sa_flags=0x00000000
SIGQUIT: SIG_DFL, sa_mask[0]=0x00000000, sa_flags=0x00000000


---------------  S Y S T E M  ---------------

OS:squeeze/sid

uname:Linux 2.6.35-22-generic #33-Ubuntu SMP Sun Sep 19 20:34:50 UTC 2010 i686
libc:glibc 2.12.1 NPTL 2.12.1 
rlimit: STACK 8192k, CORE 0k, NPROC infinity, NOFILE 1024, AS infinity
load average:1.35 1.63 1.35

/proc/meminfo:
MemTotal:        1799644 kB
MemFree:           47180 kB
Buffers:            2576 kB
Cached:           329288 kB
SwapCached:         6108 kB
Active:           830364 kB
Inactive:         861328 kB
Active(anon):     691296 kB
Inactive(anon):   707892 kB
Active(file):     139068 kB
Inactive(file):   153436 kB
Unevictable:          16 kB
Mlocked:              16 kB
HighTotal:        923208 kB
HighFree:           1392 kB
LowTotal:         876436 kB
LowFree:           45788 kB
SwapTotal:        979928 kB
SwapFree:         773380 kB
Dirty:               240 kB
Writeback:             0 kB
AnonPages:       1354536 kB
Mapped:           122120 kB
Shmem:             39352 kB
Slab:              27972 kB
SReclaimable:      14728 kB
SUnreclaim:        13244 kB
KernelStack:        4200 kB
PageTables:        11344 kB
NFS_Unstable:          0 kB
Bounce:                0 kB
WritebackTmp:          0 kB
CommitLimit:     1879748 kB
Committed_AS:    4925500 kB
VmallocTotal:     122880 kB
VmallocUsed:       15040 kB
VmallocChunk:     101504 kB
HardwareCorrupted:     0 kB
HugePages_Total:       0
HugePages_Free:        0
HugePages_Rsvd:        0
HugePages_Surp:        0
Hugepagesize:       4096 kB
DirectMap4k:       16376 kB
DirectMap4M:      892928 kB


CPU:total 2 (2 cores per cpu, 1 threads per core) family 6 model 15 stepping 13, cmov, cx8, fxsr, mmx, sse, sse2, sse3, ssse3, tsc

/proc/cpuinfo:
processor	: 0
vendor_id	: GenuineIntel
cpu family	: 6
model		: 15
model name	: Intel(R) Pentium(R) Dual  CPU  T2410  @ 2.00GHz
stepping	: 13
cpu MHz		: 1600.000
cache size	: 1024 KB
physical id	: 0
siblings	: 2
core id		: 0
cpu cores	: 2
apicid		: 0
initial apicid	: 0
fdiv_bug	: no
hlt_bug		: no
f00f_bug	: no
coma_bug	: no
fpu		: yes
fpu_exception	: yes
cpuid level	: 10
wp		: yes
flags		: fpu vme de pse tsc msr pae mce cx8 apic mtrr pge mca cmov pat pse36 clflush dts acpi mmx fxsr sse sse2 ss ht tm pbe nx lm constant_tsc arch_perfmon pebs bts aperfmperf pni dtes64 monitor ds_cpl est tm2 ssse3 cx16 xtpr pdcm lahf_lm
bogomips	: 3999.79
clflush size	: 64
cache_alignment	: 64
address sizes	: 36 bits physical, 48 bits virtual
power management:

processor	: 1
vendor_id	: GenuineIntel
cpu family	: 6
model		: 15
model name	: Intel(R) Pentium(R) Dual  CPU  T2410  @ 2.00GHz
stepping	: 13
cpu MHz		: 1600.000
cache size	: 1024 KB
physical id	: 0
siblings	: 2
core id		: 1
cpu cores	: 2
apicid		: 1
initial apicid	: 1
fdiv_bug	: no
hlt_bug		: no
f00f_bug	: no
coma_bug	: no
fpu		: yes
fpu_exception	: yes
cpuid level	: 10
wp		: yes
flags		: fpu vme de pse tsc msr pae mce cx8 apic mtrr pge mca cmov pat pse36 clflush dts acpi mmx fxsr sse sse2 ss ht tm pbe nx lm constant_tsc arch_perfmon pebs bts aperfmperf pni dtes64 monitor ds_cpl est tm2 ssse3 cx16 xtpr pdcm lahf_lm
bogomips	: 4000.13
clflush size	: 64
cache_alignment	: 64
address sizes	: 36 bits physical, 48 bits virtual
power management:



Memory: 4k page, physical 1799644k(47180k free), swap 979928k(773380k free)

vm_info: Java HotSpot(TM) Client VM (23.21-b01) for linux-x86 JRE (1.7.0_21-b11), built on Apr  4 2013 04:24:32 by "java_re" with gcc 4.3.0 20080428 (Red Hat 4.3.0-8)

time: Wed Oct  9 19:16:37 2013
elapsed time: 0 seconds

