#
# A fatal error has been detected by the Java Runtime Environment:
#
#  Internal Error (javaClasses.cpp:129), pid=7697, tid=3079072624
#  fatal error: Invalid layout of preloaded class
#
# JRE version: 7.0_21-b11
# Java VM: Java HotSpot(TM) Client VM (23.21-b01 mixed mode linux-x86 )
# Failed to write core dump. Core dumps have been disabled. To enable core dumping, try "ulimit -c unlimited" before starting Java again
#
# If you would like to submit a bug report, please visit:
#   http://bugreport.sun.com/bugreport/crash.jsp
#

---------------  T H R E A D  ---------------

Current thread (0x0873e000):  JavaThread "Unknown thread" [_thread_in_vm, id=7699, stack(0xb781e000,0xb786f000)]

Stack: [0xb781e000,0xb786f000],  sp=0xb786ddc0,  free space=319k
Native frames: (J=compiled Java code, j=interpreted, Vv=VM code, C=native code)
V  [libjvm.so+0x4920d9]  VMError::report_and_die()+0x199
V  [libjvm.so+0x1c51fc]  report_fatal(char const*, int, char const*)+0x4c
V  [libjvm.so+0x2825b0]  compute_offset(int&, klassOopDesc*, Symbol*, Symbol*, bool)+0x110
V  [libjvm.so+0x286b44]  java_lang_String::compute_offsets()+0x44
V  [libjvm.so+0x435805]  SystemDictionary::initialize_preloaded_classes(Thread*)+0x225
V  [libjvm.so+0x473458]  Universe::genesis(Thread*)+0x3f8
V  [libjvm.so+0x4738cf]  universe2_init()+0x1f
V  [libjvm.so+0x2486e0]  init_globals()+0xa0
V  [libjvm.so+0x464c29]  Threads::create_vm(JavaVMInitArgs*, bool*)+0x1f9
V  [libjvm.so+0x29012c]  JNI_CreateJavaVM+0x5c
C  [libjli.so+0x2668]  JavaMain+0x98
C  [libpthread.so.0+0x5cc9]  start_thread+0xd9


---------------  P R O C E S S  ---------------

Java Threads: ( => current thread )

Other Threads:

=>0x0873e000 (exited) JavaThread "Unknown thread" [_thread_in_vm, id=7699, stack(0xb781e000,0xb786f000)]

VM state:not at safepoint (not fully initialized)

VM Mutex/Monitor currently owned by a thread: None

GC Heap History (0 events):
No events

Deoptimization events (0 events):
No events

Internal exceptions (0 events):
No events

Events (10 events):
Event: 0.012 loading class 0x08765a20 done
Event: 0.013 loading class 0x08765360 done
Event: 0.013 loading class 0x08765338
Event: 0.013 loading class 0x08785210
Event: 0.014 loading class 0x08785210 done
Event: 0.014 loading class 0x08785248
Event: 0.014 loading class 0x08785248 done
Event: 0.014 loading class 0x08785280
Event: 0.014 loading class 0x08785280 done
Event: 0.014 loading class 0x08765338 done


Dynamic libraries:
00110000-00134000 r-xp 00000000 08:01 358413     /lib/libm-2.12.1.so
00134000-00135000 r--p 00023000 08:01 358413     /lib/libm-2.12.1.so
00135000-00136000 rw-p 00024000 08:01 358413     /lib/libm-2.12.1.so
00136000-00159000 r-xp 00000000 08:01 247451     /usr/local/java/jdk1.7.0_21/jre/lib/i386/libjava.so
00159000-0015a000 rw-p 00023000 08:01 247451     /usr/local/java/jdk1.7.0_21/jre/lib/i386/libjava.so
0015a000-00171000 r-xp 00000000 08:01 247483     /usr/local/java/jdk1.7.0_21/jre/lib/i386/libzip.so
00171000-00172000 rw-p 00017000 08:01 247483     /usr/local/java/jdk1.7.0_21/jre/lib/i386/libzip.so
0023e000-00248000 r-xp 00000000 08:01 358402     /lib/libnss_files-2.12.1.so
00248000-00249000 r--p 00009000 08:01 358402     /lib/libnss_files-2.12.1.so
00249000-0024a000 rw-p 0000a000 08:01 358402     /lib/libnss_files-2.12.1.so
0029e000-002a7000 r-xp 00000000 08:01 358408     /lib/libnss_nis-2.12.1.so
002a7000-002a8000 r--p 00008000 08:01 358408     /lib/libnss_nis-2.12.1.so
002a8000-002a9000 rw-p 00009000 08:01 358408     /lib/libnss_nis-2.12.1.so
00398000-004ef000 r-xp 00000000 08:01 358415     /lib/libc-2.12.1.so
004ef000-004f1000 r--p 00157000 08:01 358415     /lib/libc-2.12.1.so
004f1000-004f2000 rw-p 00159000 08:01 358415     /lib/libc-2.12.1.so
004f2000-004f5000 rw-p 00000000 00:00 0 
00583000-0058e000 r-xp 00000000 08:01 247437     /usr/local/java/jdk1.7.0_21/jre/lib/i386/libverify.so
0058e000-0058f000 rw-p 0000b000 08:01 247437     /usr/local/java/jdk1.7.0_21/jre/lib/i386/libverify.so
005a9000-005c5000 r-xp 00000000 08:01 358399     /lib/ld-2.12.1.so
005c5000-005c6000 r--p 0001b000 08:01 358399     /lib/ld-2.12.1.so
005c6000-005c7000 rw-p 0001c000 08:01 358399     /lib/ld-2.12.1.so
007e3000-007f8000 r-xp 00000000 08:01 358416     /lib/libpthread-2.12.1.so
007f8000-007f9000 ---p 00015000 08:01 358416     /lib/libpthread-2.12.1.so
007f9000-007fa000 r--p 00015000 08:01 358416     /lib/libpthread-2.12.1.so
007fa000-007fb000 rw-p 00016000 08:01 358416     /lib/libpthread-2.12.1.so
007fb000-007fd000 rw-p 00000000 00:00 0 
00862000-00868000 r-xp 00000000 08:01 358414     /lib/libnss_compat-2.12.1.so
00868000-00869000 r--p 00006000 08:01 358414     /lib/libnss_compat-2.12.1.so
00869000-0086a000 rw-p 00007000 08:01 358414     /lib/libnss_compat-2.12.1.so
0089a000-008ad000 r-xp 00000000 08:01 293340     /usr/local/java/jdk1.7.0_21/jre/lib/i386/jli/libjli.so
008ad000-008ae000 rw-p 00012000 08:01 293340     /usr/local/java/jdk1.7.0_21/jre/lib/i386/jli/libjli.so
009ea000-009eb000 r-xp 00000000 00:00 0          [vdso]
00a71000-00a84000 r-xp 00000000 08:01 358410     /lib/libnsl-2.12.1.so
00a84000-00a85000 r--p 00012000 08:01 358410     /lib/libnsl-2.12.1.so
00a85000-00a86000 rw-p 00013000 08:01 358410     /lib/libnsl-2.12.1.so
00a86000-00a88000 rw-p 00000000 00:00 0 
00b4b000-00b52000 r-xp 00000000 08:01 358406     /lib/librt-2.12.1.so
00b52000-00b53000 r--p 00006000 08:01 358406     /lib/librt-2.12.1.so
00b53000-00b54000 rw-p 00007000 08:01 358406     /lib/librt-2.12.1.so
00b5c000-00b5e000 r-xp 00000000 08:01 358404     /lib/libdl-2.12.1.so
00b5e000-00b5f000 r--p 00001000 08:01 358404     /lib/libdl-2.12.1.so
00b5f000-00b60000 rw-p 00002000 08:01 358404     /lib/libdl-2.12.1.so
00b60000-01076000 r-xp 00000000 08:01 2265251    /usr/local/java/jdk1.7.0_21/jre/lib/i386/client/libjvm.so
01076000-01093000 rw-p 00515000 08:01 2265251    /usr/local/java/jdk1.7.0_21/jre/lib/i386/client/libjvm.so
01093000-014b2000 rw-p 00000000 00:00 0 
08048000-08049000 r-xp 00000000 08:01 522745     /usr/local/java/jdk1.7.0_21/bin/java
08049000-0804a000 rw-p 00000000 08:01 522745     /usr/local/java/jdk1.7.0_21/bin/java
08737000-0879a000 rw-p 00000000 00:00 0          [heap]
a1460000-a15b2000 rw-p 00000000 00:00 0 
a15b2000-a1678000 r--s 0116f000 08:01 295887     /home/hmiguel/android-sdks/platforms/android-17/android.jar
a1678000-a167f000 rw-p 00000000 00:00 0 
a167f000-a1699000 rw-p 00000000 00:00 0 
a1699000-a169f000 rw-p 00000000 00:00 0 
a169f000-a16ef000 rw-p 00000000 00:00 0 
a16ef000-a16f2000 rw-p 00000000 00:00 0 
a16f2000-a1719000 rw-p 00000000 00:00 0 
a1719000-a171f000 rw-p 00000000 00:00 0 
a171f000-a176f000 rw-p 00000000 00:00 0 
a176f000-a1775000 rw-p 00000000 00:00 0 
a1775000-a178f000 rw-p 00000000 00:00 0 
a178f000-a1ce0000 rw-p 00000000 00:00 0 
a1ce0000-a6ce0000 rw-p 00000000 00:00 0 
a6ce0000-a7790000 rw-p 00000000 00:00 0 
a7790000-b1790000 rw-p 00000000 00:00 0 
b1790000-b2390000 rw-p 00000000 00:00 0 
b2390000-b5790000 rw-p 00000000 00:00 0 
b579e000-b579f000 rw-p 00000000 00:00 0 
b579f000-b581e000 rw-p 00000000 00:00 0 
b581e000-b584e000 rwxp 00000000 00:00 0 
b584e000-b781e000 rw-p 00000000 00:00 0 
b781e000-b7821000 ---p 00000000 00:00 0 
b7821000-b7871000 rw-p 00000000 00:00 0 
b787f000-b7887000 rw-s 00000000 08:01 863994     /tmp/hsperfdata_hmiguel/7697
b7887000-b7888000 rw-p 00000000 00:00 0 
b7888000-b7889000 r--p 00000000 00:00 0 
b7889000-b788b000 rw-p 00000000 00:00 0 
bfe9e000-bfebf000 rw-p 00000000 00:00 0          [stack]

VM Arguments:
jvm_args: -Dfile.encoding=UTF-8 -Xbootclasspath:/home/hmiguel/android-sdks/platforms/android-17/android.jar 
java_command: pt.uc.dei.mrc.uctickets.apiclient.Testing
Launcher Type: SUN_STANDARD

Environment Variables:
JAVA_HOME=/usr/local/java/jdk1.7.0_21
PATH=/usr/local/sbin:/usr/local/bin:/usr/sbin:/usr/bin:/sbin:/bin:/usr/games:/usr/local/java/jdk1.7.0_21/bin:/u01/app/oracle/product/11.2.0/dbhome_1/bin
USERNAME=hmiguel
LD_LIBRARY_PATH=/usr/local/java/jdk1.7.0_21/jre/lib/i386/client:/usr/local/java/jdk1.7.0_21/jre/lib/i386:
SHELL=/bin/bash
DISPLAY=:0.0

Signal Handlers:
SIGSEGV: [libjvm.so+0x492c20], sa_mask[0]=0x7ffbfeff, sa_flags=0x10000004
SIGBUS: [libjvm.so+0x492c20], sa_mask[0]=0x7ffbfeff, sa_flags=0x10000004
SIGFPE: [libjvm.so+0x3a6720], sa_mask[0]=0x7ffbfeff, sa_flags=0x10000004
SIGPIPE: [libjvm.so+0x3a6720], sa_mask[0]=0x7ffbfeff, sa_flags=0x10000004
SIGXFSZ: [libjvm.so+0x3a6720], sa_mask[0]=0x7ffbfeff, sa_flags=0x10000004
SIGILL: [libjvm.so+0x3a6720], sa_mask[0]=0x7ffbfeff, sa_flags=0x10000004
SIGUSR1: SIG_DFL, sa_mask[0]=0x00000000, sa_flags=0x00000000
SIGUSR2: [libjvm.so+0x3a6000], sa_mask[0]=0x00000004, sa_flags=0x10000004
SIGHUP: SIG_DFL, sa_mask[0]=0x00000000, sa_flags=0x00000000
SIGINT: SIG_IGN, sa_mask[0]=0x00000000, sa_flags=0x00000000
SIGTERM: SIG_DFL, sa_mask[0]=0x00000000, sa_flags=0x00000000
SIGQUIT: SIG_DFL, sa_mask[0]=0x00000000, sa_flags=0x00000000


---------------  S Y S T E M  ---------------

OS:squeeze/sid

uname:Linux 2.6.35-22-generic #33-Ubuntu SMP Sun Sep 19 20:34:50 UTC 2010 i686
libc:glibc 2.12.1 NPTL 2.12.1 
rlimit: STACK 8192k, CORE 0k, NPROC infinity, NOFILE 1024, AS infinity
load average:1.44 1.66 1.35

/proc/meminfo:
MemTotal:        1799644 kB
MemFree:           48164 kB
Buffers:            2504 kB
Cached:           327576 kB
SwapCached:         6108 kB
Active:           830544 kB
Inactive:         860088 kB
Active(anon):     692012 kB
Inactive(anon):   707892 kB
Active(file):     138532 kB
Inactive(file):   152196 kB
Unevictable:          16 kB
Mlocked:              16 kB
HighTotal:        923208 kB
HighFree:           1392 kB
LowTotal:         876436 kB
LowFree:           46772 kB
SwapTotal:        979928 kB
SwapFree:         773380 kB
Dirty:               328 kB
Writeback:             0 kB
AnonPages:       1355276 kB
Mapped:           119676 kB
Shmem:             39352 kB
Slab:              27976 kB
SReclaimable:      14728 kB
SUnreclaim:        13248 kB
KernelStack:        4208 kB
PageTables:        11348 kB
NFS_Unstable:          0 kB
Bounce:                0 kB
WritebackTmp:          0 kB
CommitLimit:     1879748 kB
Committed_AS:    4927384 kB
VmallocTotal:     122880 kB
VmallocUsed:       15040 kB
VmallocChunk:     101504 kB
HardwareCorrupted:     0 kB
HugePages_Total:       0
HugePages_Free:        0
HugePages_Rsvd:        0
HugePages_Surp:        0
Hugepagesize:       4096 kB
DirectMap4k:       16376 kB
DirectMap4M:      892928 kB


CPU:total 2 (2 cores per cpu, 1 threads per core) family 6 model 15 stepping 13, cmov, cx8, fxsr, mmx, sse, sse2, sse3, ssse3, tsc

/proc/cpuinfo:
processor	: 0
vendor_id	: GenuineIntel
cpu family	: 6
model		: 15
model name	: Intel(R) Pentium(R) Dual  CPU  T2410  @ 2.00GHz
stepping	: 13
cpu MHz		: 1600.000
cache size	: 1024 KB
physical id	: 0
siblings	: 2
core id		: 0
cpu cores	: 2
apicid		: 0
initial apicid	: 0
fdiv_bug	: no
hlt_bug		: no
f00f_bug	: no
coma_bug	: no
fpu		: yes
fpu_exception	: yes
cpuid level	: 10
wp		: yes
flags		: fpu vme de pse tsc msr pae mce cx8 apic mtrr pge mca cmov pat pse36 clflush dts acpi mmx fxsr sse sse2 ss ht tm pbe nx lm constant_tsc arch_perfmon pebs bts aperfmperf pni dtes64 monitor ds_cpl est tm2 ssse3 cx16 xtpr pdcm lahf_lm
bogomips	: 3999.79
clflush size	: 64
cache_alignment	: 64
address sizes	: 36 bits physical, 48 bits virtual
power management:

processor	: 1
vendor_id	: GenuineIntel
cpu family	: 6
model		: 15
model name	: Intel(R) Pentium(R) Dual  CPU  T2410  @ 2.00GHz
stepping	: 13
cpu MHz		: 1600.000
cache size	: 1024 KB
physical id	: 0
siblings	: 2
core id		: 1
cpu cores	: 2
apicid		: 1
initial apicid	: 1
fdiv_bug	: no
hlt_bug		: no
f00f_bug	: no
coma_bug	: no
fpu		: yes
fpu_exception	: yes
cpuid level	: 10
wp		: yes
flags		: fpu vme de pse tsc msr pae mce cx8 apic mtrr pge mca cmov pat pse36 clflush dts acpi mmx fxsr sse sse2 ss ht tm pbe nx lm constant_tsc arch_perfmon pebs bts aperfmperf pni dtes64 monitor ds_cpl est tm2 ssse3 cx16 xtpr pdcm lahf_lm
bogomips	: 4000.13
clflush size	: 64
cache_alignment	: 64
address sizes	: 36 bits physical, 48 bits virtual
power management:



Memory: 4k page, physical 1799644k(48164k free), swap 979928k(773380k free)

vm_info: Java HotSpot(TM) Client VM (23.21-b01) for linux-x86 JRE (1.7.0_21-b11), built on Apr  4 2013 04:24:32 by "java_re" with gcc 4.3.0 20080428 (Red Hat 4.3.0-8)

time: Wed Oct  9 19:16:04 2013
elapsed time: 0 seconds

