#
# A fatal error has been detected by the Java Runtime Environment:
#
#  Internal Error (javaClasses.cpp:129), pid=7734, tid=3079023472
#  fatal error: Invalid layout of preloaded class
#
# JRE version: 7.0_21-b11
# Java VM: Java HotSpot(TM) Client VM (23.21-b01 mixed mode linux-x86 )
# Failed to write core dump. Core dumps have been disabled. To enable core dumping, try "ulimit -c unlimited" before starting Java again
#
# If you would like to submit a bug report, please visit:
#   http://bugreport.sun.com/bugreport/crash.jsp
#

---------------  T H R E A D  ---------------

Current thread (0x09ec2000):  JavaThread "Unknown thread" [_thread_in_vm, id=7737, stack(0xb7812000,0xb7863000)]

Stack: [0xb7812000,0xb7863000],  sp=0xb7861dc0,  free space=319k
Native frames: (J=compiled Java code, j=interpreted, Vv=VM code, C=native code)
V  [libjvm.so+0x4920d9]  VMError::report_and_die()+0x199
V  [libjvm.so+0x1c51fc]  report_fatal(char const*, int, char const*)+0x4c
V  [libjvm.so+0x2825b0]  compute_offset(int&, klassOopDesc*, Symbol*, Symbol*, bool)+0x110
V  [libjvm.so+0x286b44]  java_lang_String::compute_offsets()+0x44
V  [libjvm.so+0x435805]  SystemDictionary::initialize_preloaded_classes(Thread*)+0x225
V  [libjvm.so+0x473458]  Universe::genesis(Thread*)+0x3f8
V  [libjvm.so+0x4738cf]  universe2_init()+0x1f
V  [libjvm.so+0x2486e0]  init_globals()+0xa0
V  [libjvm.so+0x464c29]  Threads::create_vm(JavaVMInitArgs*, bool*)+0x1f9
V  [libjvm.so+0x29012c]  JNI_CreateJavaVM+0x5c
C  [libjli.so+0x2668]  JavaMain+0x98
C  [libpthread.so.0+0x5cc9]  start_thread+0xd9


---------------  P R O C E S S  ---------------

Java Threads: ( => current thread )

Other Threads:

=>0x09ec2000 (exited) JavaThread "Unknown thread" [_thread_in_vm, id=7737, stack(0xb7812000,0xb7863000)]

VM state:not at safepoint (not fully initialized)

VM Mutex/Monitor currently owned by a thread: None

GC Heap History (0 events):
No events

Deoptimization events (0 events):
No events

Internal exceptions (0 events):
No events

Events (10 events):
Event: 0.011 loading class 0x09ee9a20 done
Event: 0.012 loading class 0x09ee9360 done
Event: 0.012 loading class 0x09ee9338
Event: 0.012 loading class 0x09f09210
Event: 0.012 loading class 0x09f09210 done
Event: 0.012 loading class 0x09f09248
Event: 0.012 loading class 0x09f09248 done
Event: 0.012 loading class 0x09f09280
Event: 0.012 loading class 0x09f09280 done
Event: 0.013 loading class 0x09ee9338 done


Dynamic libraries:
00110000-00267000 r-xp 00000000 08:01 358415     /lib/libc-2.12.1.so
00267000-00269000 r--p 00157000 08:01 358415     /lib/libc-2.12.1.so
00269000-0026a000 rw-p 00159000 08:01 358415     /lib/libc-2.12.1.so
0026a000-0026d000 rw-p 00000000 00:00 0 
0026d000-00290000 r-xp 00000000 08:01 247451     /usr/local/java/jdk1.7.0_21/jre/lib/i386/libjava.so
00290000-00291000 rw-p 00023000 08:01 247451     /usr/local/java/jdk1.7.0_21/jre/lib/i386/libjava.so
00291000-0029b000 r-xp 00000000 08:01 358402     /lib/libnss_files-2.12.1.so
0029b000-0029c000 r--p 00009000 08:01 358402     /lib/libnss_files-2.12.1.so
0029c000-0029d000 rw-p 0000a000 08:01 358402     /lib/libnss_files-2.12.1.so
0029d000-002b4000 r-xp 00000000 08:01 247483     /usr/local/java/jdk1.7.0_21/jre/lib/i386/libzip.so
002b4000-002b5000 rw-p 00017000 08:01 247483     /usr/local/java/jdk1.7.0_21/jre/lib/i386/libzip.so
00332000-00347000 r-xp 00000000 08:01 358416     /lib/libpthread-2.12.1.so
00347000-00348000 ---p 00015000 08:01 358416     /lib/libpthread-2.12.1.so
00348000-00349000 r--p 00015000 08:01 358416     /lib/libpthread-2.12.1.so
00349000-0034a000 rw-p 00016000 08:01 358416     /lib/libpthread-2.12.1.so
0034a000-0034c000 rw-p 00000000 00:00 0 
00365000-0036b000 r-xp 00000000 08:01 358414     /lib/libnss_compat-2.12.1.so
0036b000-0036c000 r--p 00006000 08:01 358414     /lib/libnss_compat-2.12.1.so
0036c000-0036d000 rw-p 00007000 08:01 358414     /lib/libnss_compat-2.12.1.so
003b8000-003c3000 r-xp 00000000 08:01 247437     /usr/local/java/jdk1.7.0_21/jre/lib/i386/libverify.so
003c3000-003c4000 rw-p 0000b000 08:01 247437     /usr/local/java/jdk1.7.0_21/jre/lib/i386/libverify.so
003d9000-003e2000 r-xp 00000000 08:01 358408     /lib/libnss_nis-2.12.1.so
003e2000-003e3000 r--p 00008000 08:01 358408     /lib/libnss_nis-2.12.1.so
003e3000-003e4000 rw-p 00009000 08:01 358408     /lib/libnss_nis-2.12.1.so
0047d000-0047e000 r-xp 00000000 00:00 0          [vdso]
005a6000-005ca000 r-xp 00000000 08:01 358413     /lib/libm-2.12.1.so
005ca000-005cb000 r--p 00023000 08:01 358413     /lib/libm-2.12.1.so
005cb000-005cc000 rw-p 00024000 08:01 358413     /lib/libm-2.12.1.so
00740000-00753000 r-xp 00000000 08:01 358410     /lib/libnsl-2.12.1.so
00753000-00754000 r--p 00012000 08:01 358410     /lib/libnsl-2.12.1.so
00754000-00755000 rw-p 00013000 08:01 358410     /lib/libnsl-2.12.1.so
00755000-00757000 rw-p 00000000 00:00 0 
0077f000-00786000 r-xp 00000000 08:01 358406     /lib/librt-2.12.1.so
00786000-00787000 r--p 00006000 08:01 358406     /lib/librt-2.12.1.so
00787000-00788000 rw-p 00007000 08:01 358406     /lib/librt-2.12.1.so
00b24000-00b26000 r-xp 00000000 08:01 358404     /lib/libdl-2.12.1.so
00b26000-00b27000 r--p 00001000 08:01 358404     /lib/libdl-2.12.1.so
00b27000-00b28000 rw-p 00002000 08:01 358404     /lib/libdl-2.12.1.so
00ce9000-00d05000 r-xp 00000000 08:01 358399     /lib/ld-2.12.1.so
00d05000-00d06000 r--p 0001b000 08:01 358399     /lib/ld-2.12.1.so
00d06000-00d07000 rw-p 0001c000 08:01 358399     /lib/ld-2.12.1.so
00d83000-00d96000 r-xp 00000000 08:01 293340     /usr/local/java/jdk1.7.0_21/jre/lib/i386/jli/libjli.so
00d96000-00d97000 rw-p 00012000 08:01 293340     /usr/local/java/jdk1.7.0_21/jre/lib/i386/jli/libjli.so
00d97000-012ad000 r-xp 00000000 08:01 2265251    /usr/local/java/jdk1.7.0_21/jre/lib/i386/client/libjvm.so
012ad000-012ca000 rw-p 00515000 08:01 2265251    /usr/local/java/jdk1.7.0_21/jre/lib/i386/client/libjvm.so
012ca000-016e9000 rw-p 00000000 00:00 0 
08048000-08049000 r-xp 00000000 08:01 522745     /usr/local/java/jdk1.7.0_21/bin/java
08049000-0804a000 rw-p 00000000 08:01 522745     /usr/local/java/jdk1.7.0_21/bin/java
09ebb000-09f1e000 rw-p 00000000 00:00 0          [heap]
a1460000-a15b2000 rw-p 00000000 00:00 0 
a15b2000-a1678000 r--s 0116f000 08:01 295887     /home/hmiguel/android-sdks/platforms/android-17/android.jar
a1678000-a167f000 rw-p 00000000 00:00 0 
a167f000-a1699000 rw-p 00000000 00:00 0 
a1699000-a169f000 rw-p 00000000 00:00 0 
a169f000-a16ef000 rw-p 00000000 00:00 0 
a16ef000-a16f2000 rw-p 00000000 00:00 0 
a16f2000-a1719000 rw-p 00000000 00:00 0 
a1719000-a171f000 rw-p 00000000 00:00 0 
a171f000-a176f000 rw-p 00000000 00:00 0 
a176f000-a1775000 rw-p 00000000 00:00 0 
a1775000-a178f000 rw-p 00000000 00:00 0 
a178f000-a1ce0000 rw-p 00000000 00:00 0 
a1ce0000-a6ce0000 rw-p 00000000 00:00 0 
a6ce0000-a7790000 rw-p 00000000 00:00 0 
a7790000-b1790000 rw-p 00000000 00:00 0 
b1790000-b2390000 rw-p 00000000 00:00 0 
b2390000-b5790000 rw-p 00000000 00:00 0 
b5792000-b5793000 rw-p 00000000 00:00 0 
b5793000-b5812000 rw-p 00000000 00:00 0 
b5812000-b5842000 rwxp 00000000 00:00 0 
b5842000-b7812000 rw-p 00000000 00:00 0 
b7812000-b7815000 ---p 00000000 00:00 0 
b7815000-b7865000 rw-p 00000000 00:00 0 
b7873000-b787b000 rw-s 00000000 08:01 863994     /tmp/hsperfdata_hmiguel/7734
b787b000-b787c000 rw-p 00000000 00:00 0 
b787c000-b787d000 r--p 00000000 00:00 0 
b787d000-b787f000 rw-p 00000000 00:00 0 
bf93d000-bf95e000 rw-p 00000000 00:00 0          [stack]

VM Arguments:
jvm_args: -Dfile.encoding=UTF-8 -Xbootclasspath:/home/hmiguel/android-sdks/platforms/android-17/android.jar 
java_command: pt.uc.dei.mrc.uctickets.apiclient.Testing
Launcher Type: SUN_STANDARD

Environment Variables:
JAVA_HOME=/usr/local/java/jdk1.7.0_21
PATH=/usr/local/sbin:/usr/local/bin:/usr/sbin:/usr/bin:/sbin:/bin:/usr/games:/usr/local/java/jdk1.7.0_21/bin:/u01/app/oracle/product/11.2.0/dbhome_1/bin
USERNAME=hmiguel
LD_LIBRARY_PATH=/usr/local/java/jdk1.7.0_21/jre/lib/i386/client:/usr/local/java/jdk1.7.0_21/jre/lib/i386:
SHELL=/bin/bash
DISPLAY=:0.0

Signal Handlers:
SIGSEGV: [libjvm.so+0x492c20], sa_mask[0]=0x7ffbfeff, sa_flags=0x10000004
SIGBUS: [libjvm.so+0x492c20], sa_mask[0]=0x7ffbfeff, sa_flags=0x10000004
SIGFPE: [libjvm.so+0x3a6720], sa_mask[0]=0x7ffbfeff, sa_flags=0x10000004
SIGPIPE: [libjvm.so+0x3a6720], sa_mask[0]=0x7ffbfeff, sa_flags=0x10000004
SIGXFSZ: [libjvm.so+0x3a6720], sa_mask[0]=0x7ffbfeff, sa_flags=0x10000004
SIGILL: [libjvm.so+0x3a6720], sa_mask[0]=0x7ffbfeff, sa_flags=0x10000004
SIGUSR1: SIG_DFL, sa_mask[0]=0x00000000, sa_flags=0x00000000
SIGUSR2: [libjvm.so+0x3a6000], sa_mask[0]=0x00000004, sa_flags=0x10000004
SIGHUP: SIG_DFL, sa_mask[0]=0x00000000, sa_flags=0x00000000
SIGINT: SIG_IGN, sa_mask[0]=0x00000000, sa_flags=0x00000000
SIGTERM: SIG_DFL, sa_mask[0]=0x00000000, sa_flags=0x00000000
SIGQUIT: SIG_DFL, sa_mask[0]=0x00000000, sa_flags=0x00000000


---------------  S Y S T E M  ---------------

OS:squeeze/sid

uname:Linux 2.6.35-22-generic #33-Ubuntu SMP Sun Sep 19 20:34:50 UTC 2010 i686
libc:glibc 2.12.1 NPTL 2.12.1 
rlimit: STACK 8192k, CORE 0k, NPROC infinity, NOFILE 1024, AS infinity
load average:1.55 1.66 1.37

/proc/meminfo:
MemTotal:        1799644 kB
MemFree:           44288 kB
Buffers:            2704 kB
Cached:           332172 kB
SwapCached:         6108 kB
Active:           830544 kB
Inactive:         863840 kB
Active(anon):     690968 kB
Inactive(anon):   707896 kB
Active(file):     139576 kB
Inactive(file):   155944 kB
Unevictable:          16 kB
Mlocked:              16 kB
HighTotal:        923208 kB
HighFree:           1392 kB
LowTotal:         876436 kB
LowFree:           42896 kB
SwapTotal:        979928 kB
SwapFree:         773380 kB
Dirty:               276 kB
Writeback:             0 kB
AnonPages:       1354196 kB
Mapped:           122124 kB
Shmem:             39356 kB
Slab:              28008 kB
SReclaimable:      14728 kB
SUnreclaim:        13280 kB
KernelStack:        4208 kB
PageTables:        11340 kB
NFS_Unstable:          0 kB
Bounce:                0 kB
WritebackTmp:          0 kB
CommitLimit:     1879748 kB
Committed_AS:    4925536 kB
VmallocTotal:     122880 kB
VmallocUsed:       15040 kB
VmallocChunk:     101504 kB
HardwareCorrupted:     0 kB
HugePages_Total:       0
HugePages_Free:        0
HugePages_Rsvd:        0
HugePages_Surp:        0
Hugepagesize:       4096 kB
DirectMap4k:       16376 kB
DirectMap4M:      892928 kB


CPU:total 2 (2 cores per cpu, 1 threads per core) family 6 model 15 stepping 13, cmov, cx8, fxsr, mmx, sse, sse2, sse3, ssse3, tsc

/proc/cpuinfo:
processor	: 0
vendor_id	: GenuineIntel
cpu family	: 6
model		: 15
model name	: Intel(R) Pentium(R) Dual  CPU  T2410  @ 2.00GHz
stepping	: 13
cpu MHz		: 1600.000
cache size	: 1024 KB
physical id	: 0
siblings	: 2
core id		: 0
cpu cores	: 2
apicid		: 0
initial apicid	: 0
fdiv_bug	: no
hlt_bug		: no
f00f_bug	: no
coma_bug	: no
fpu		: yes
fpu_exception	: yes
cpuid level	: 10
wp		: yes
flags		: fpu vme de pse tsc msr pae mce cx8 apic mtrr pge mca cmov pat pse36 clflush dts acpi mmx fxsr sse sse2 ss ht tm pbe nx lm constant_tsc arch_perfmon pebs bts aperfmperf pni dtes64 monitor ds_cpl est tm2 ssse3 cx16 xtpr pdcm lahf_lm
bogomips	: 3999.79
clflush size	: 64
cache_alignment	: 64
address sizes	: 36 bits physical, 48 bits virtual
power management:

processor	: 1
vendor_id	: GenuineIntel
cpu family	: 6
model		: 15
model name	: Intel(R) Pentium(R) Dual  CPU  T2410  @ 2.00GHz
stepping	: 13
cpu MHz		: 1600.000
cache size	: 1024 KB
physical id	: 0
siblings	: 2
core id		: 1
cpu cores	: 2
apicid		: 1
initial apicid	: 1
fdiv_bug	: no
hlt_bug		: no
f00f_bug	: no
coma_bug	: no
fpu		: yes
fpu_exception	: yes
cpuid level	: 10
wp		: yes
flags		: fpu vme de pse tsc msr pae mce cx8 apic mtrr pge mca cmov pat pse36 clflush dts acpi mmx fxsr sse sse2 ss ht tm pbe nx lm constant_tsc arch_perfmon pebs bts aperfmperf pni dtes64 monitor ds_cpl est tm2 ssse3 cx16 xtpr pdcm lahf_lm
bogomips	: 4000.13
clflush size	: 64
cache_alignment	: 64
address sizes	: 36 bits physical, 48 bits virtual
power management:



Memory: 4k page, physical 1799644k(44288k free), swap 979928k(773380k free)

vm_info: Java HotSpot(TM) Client VM (23.21-b01) for linux-x86 JRE (1.7.0_21-b11), built on Apr  4 2013 04:24:32 by "java_re" with gcc 4.3.0 20080428 (Red Hat 4.3.0-8)

time: Wed Oct  9 19:17:18 2013
elapsed time: 0 seconds

